# JRE version: OpenJDK Runtime Environment (8.0_152-b01) (build 1.8.0_152-release-1248-b01)
# Java VM: OpenJDK 64-Bit Server VM (25.152-b01 mixed mode windows-amd64 compressed oops)
Heap:
 PSYoungGen      total 278016K, used 89469K [0x00000000e0000000, 0x00000000f3c00000, 0x0000000100000000)
  eden space 264192K, 33% used [0x00000000e0000000,0x00000000e575f400,0x00000000f0200000)
  from space 13824K, 0% used [0x00000000f2200000,0x00000000f2200000,0x00000000f2f80000)
  to   space 29696K, 0% used [0x00000000f0200000,0x00000000f0200000,0x00000000f1f00000)
 ParOldGen       total 96256K, used 76330K [0x00000000a0000000, 0x00000000a5e00000, 0x00000000e0000000)
  object space 96256K, 79% used [0x00000000a0000000,0x00000000a4a8aaf8,0x00000000a5e00000)
 Metaspace       used 91297K, capacity 95127K, committed 96512K, reserved 1132544K
  class space    used 11693K, capacity 12501K, committed 12800K, reserved 1048576K
GC Heap History (10 events):
Event: 503.600 GC heap before
{Heap before GC invocations=20 (full 3):
 PSYoungGen      total 263680K, used 255907K [0x00000000e0000000, 0x00000000f1180000, 0x0000000100000000)
  eden space 247296K, 100% used [0x00000000e0000000,0x00000000ef180000,0x00000000ef180000)
  from space 16384K, 52% used [0x00000000f0180000,0x00000000f09e8ea8,0x00000000f1180000)
  to   space 16384K, 0% used [0x00000000ef180000,0x00000000ef180000,0x00000000f0180000)
 ParOldGen       total 96256K, used 58650K [0x00000000a0000000, 0x00000000a5e00000, 0x00000000e0000000)
  object space 96256K, 60% used [0x00000000a0000000,0x00000000a3946908,0x00000000a5e00000)
 Metaspace       used 73010K, capacity 75968K, committed 76160K, reserved 1116160K
  class space    used 9590K, capacity 10264K, committed 10368K, reserved 1048576K
Event: 503.638 GC heap after
Heap after GC invocations=20 (full 3):
 PSYoungGen      total 263680K, used 5398K [0x00000000e0000000, 0x00000000f3f00000, 0x0000000100000000)
  eden space 247296K, 0% used [0x00000000e0000000,0x00000000e0000000,0x00000000ef180000)
  from space 16384K, 32% used [0x00000000ef180000,0x00000000ef6c5a08,0x00000000f0180000)
  to   space 16384K, 0% used [0x00000000f2f00000,0x00000000f2f00000,0x00000000f3f00000)
 ParOldGen       total 96256K, used 61090K [0x00000000a0000000, 0x00000000a5e00000, 0x00000000e0000000)
  object space 96256K, 63% used [0x00000000a0000000,0x00000000a3ba8a18,0x00000000a5e00000)
 Metaspace       used 73010K, capacity 75968K, committed 76160K, reserved 1116160K
  class space    used 9590K, capacity 10264K, committed 10368K, reserved 1048576K
}
Event: 2375.307 GC heap before
{Heap before GC invocations=21 (full 3):
 PSYoungGen      total 263680K, used 252694K [0x00000000e0000000, 0x00000000f3f00000, 0x0000000100000000)
  eden space 247296K, 100% used [0x00000000e0000000,0x00000000ef180000,0x00000000ef180000)
  from space 16384K, 32% used [0x00000000ef180000,0x00000000ef6c5a08,0x00000000f0180000)
  to   space 16384K, 0% used [0x00000000f2f00000,0x00000000f2f00000,0x00000000f3f00000)
 ParOldGen       total 96256K, used 61090K [0x00000000a0000000, 0x00000000a5e00000, 0x00000000e0000000)
  object space 96256K, 63% used [0x00000000a0000000,0x00000000a3ba8a18,0x00000000a5e00000)
 Metaspace       used 73599K, capacity 76714K, committed 76928K, reserved 1116160K
  class space    used 9613K, capacity 10301K, committed 10368K, reserved 1048576K
Event: 2375.382 GC heap after
Heap after GC invocations=21 (full 3):
 PSYoungGen      total 295936K, used 6160K [0x00000000e0000000, 0x00000000f3780000, 0x0000000100000000)
  eden space 287232K, 0% used [0x00000000e0000000,0x00000000e0000000,0x00000000f1880000)
  from space 8704K, 70% used [0x00000000f2f00000,0x00000000f3504040,0x00000000f3780000)
  to   space 15872K, 0% used [0x00000000f1880000,0x00000000f1880000,0x00000000f2800000)
 ParOldGen       total 96256K, used 61098K [0x00000000a0000000, 0x00000000a5e00000, 0x00000000e0000000)
  object space 96256K, 63% used [0x00000000a0000000,0x00000000a3baaa18,0x00000000a5e00000)
 Metaspace       used 73599K, capacity 76714K, committed 76928K, reserved 1116160K
  class space    used 9613K, capacity 10301K, committed 10368K, reserved 1048576K
}
Event: 2459.729 GC heap before
{Heap before GC invocations=22 (full 3):
 PSYoungGen      total 295936K, used 293392K [0x00000000e0000000, 0x00000000f3780000, 0x0000000100000000)
  eden space 287232K, 100% used [0x00000000e0000000,0x00000000f1880000,0x00000000f1880000)
  from space 8704K, 70% used [0x00000000f2f00000,0x00000000f3504040,0x00000000f3780000)
  to   space 15872K, 0% used [0x00000000f1880000,0x00000000f1880000,0x00000000f2800000)
 ParOldGen       total 96256K, used 61098K [0x00000000a0000000, 0x00000000a5e00000, 0x00000000e0000000)
  object space 96256K, 63% used [0x00000000a0000000,0x00000000a3baaa18,0x00000000a5e00000)
 Metaspace       used 77004K, capacity 80395K, committed 80512K, reserved 1118208K
  class space    used 10053K, capacity 10790K, committed 10880K, reserved 1048576K
Event: 2459.776 GC heap after
Heap after GC invocations=22 (full 3):
 PSYoungGen      total 285184K, used 9631K [0x00000000e0000000, 0x00000000f2f80000, 0x0000000100000000)
  eden space 275456K, 0% used [0x00000000e0000000,0x00000000e0000000,0x00000000f0d00000)
  from space 9728K, 99% used [0x00000000f1880000,0x00000000f21e7d88,0x00000000f2200000)
  to   space 13824K, 0% used [0x00000000f2200000,0x00000000f2200000,0x00000000f2f80000)
 ParOldGen       total 96256K, used 61106K [0x00000000a0000000, 0x00000000a5e00000, 0x00000000e0000000)
  object space 96256K, 63% used [0x00000000a0000000,0x00000000a3baca18,0x00000000a5e00000)
 Metaspace       used 77004K, capacity 80395K, committed 80512K, reserved 1118208K
  class space    used 10053K, capacity 10790K, committed 10880K, reserved 1048576K
}
Event: 2475.027 GC heap before
{Heap before GC invocations=23 (full 3):
 PSYoungGen      total 285184K, used 284461K [0x00000000e0000000, 0x00000000f2f80000, 0x0000000100000000)
  eden space 275456K, 99% used [0x00000000e0000000,0x00000000f0c63928,0x00000000f0d00000)
  from space 9728K, 99% used [0x00000000f1880000,0x00000000f21e7d88,0x00000000f2200000)
  to   space 13824K, 0% used [0x00000000f2200000,0x00000000f2200000,0x00000000f2f80000)
 ParOldGen       total 96256K, used 61106K [0x00000000a0000000, 0x00000000a5e00000, 0x00000000e0000000)
  object space 96256K, 63% used [0x00000000a0000000,0x00000000a3baca18,0x00000000a5e00000)
 Metaspace       used 91055K, capacity 95405K, committed 95616K, reserved 1132544K
  class space    used 11680K, capacity 12587K, committed 12672K, reserved 1048576K
Event: 2475.172 GC heap after
Heap after GC invocations=23 (full 3):
 PSYoungGen      total 278016K, used 13808K [0x00000000e0000000, 0x00000000f3c00000, 0x0000000100000000)
  eden space 264192K, 0% used [0x00000000e0000000,0x00000000e0000000,0x00000000f0200000)
  from space 13824K, 99% used [0x00000000f2200000,0x00000000f2f7c120,0x00000000f2f80000)
  to   space 29696K, 0% used [0x00000000f0200000,0x00000000f0200000,0x00000000f1f00000)
 ParOldGen       total 96256K, used 95756K [0x00000000a0000000, 0x00000000a5e00000, 0x00000000e0000000)
  object space 96256K, 99% used [0x00000000a0000000,0x00000000a5d831f8,0x00000000a5e00000)
 Metaspace       used 91055K, capacity 95405K, committed 95616K, reserved 1132544K
  class space    used 11680K, capacity 12587K, committed 12672K, reserved 1048576K
}
Event: 2475.172 GC heap before
{Heap before GC invocations=24 (full 4):
 PSYoungGen      total 278016K, used 13808K [0x00000000e0000000, 0x00000000f3c00000, 0x0000000100000000)
  eden space 264192K, 0% used [0x00000000e0000000,0x00000000e0000000,0x00000000f0200000)
  from space 13824K, 99% used [0x00000000f2200000,0x00000000f2f7c120,0x00000000f2f80000)
  to   space 29696K, 0% used [0x00000000f0200000,0x00000000f0200000,0x00000000f1f00000)
 ParOldGen       total 96256K, used 95756K [0x00000000a0000000, 0x00000000a5e00000, 0x00000000e0000000)
  object space 96256K, 99% used [0x00000000a0000000,0x00000000a5d831f8,0x00000000a5e00000)
 Metaspace       used 91055K, capacity 95405K, committed 95616K, reserved 1132544K
  class space    used 11680K, capacity 12587K, committed 12672K, reserved 1048576K
Event: 2477.031 GC heap after
Heap after GC invocations=24 (full 4):
 PSYoungGen      total 278016K, used 0K [0x00000000e0000000, 0x00000000f3c00000, 0x0000000100000000)
  eden space 264192K, 0% used [0x00000000e0000000,0x00000000e0000000,0x00000000f0200000)
  from space 13824K, 0% used [0x00000000f2200000,0x00000000f2200000,0x00000000f2f80000)
  to   space 29696K, 0% used [0x00000000f0200000,0x00000000f0200000,0x00000000f1f00000)
 ParOldGen       total 96256K, used 76330K [0x00000000a0000000, 0x00000000a5e00000, 0x00000000e0000000)
  object space 96256K, 79% used [0x00000000a0000000,0x00000000a4a8aaf8,0x00000000a5e00000)
 Metaspace       used 90474K, capacity 94255K, committed 95616K, reserved 1132544K
  class space    used 11551K, capacity 12355K, committed 12672K, reserved 1048576K
}

